<?xml version="1.0" encoding="UTF-8"?>
<coverage generated="1628584340245" clover="3.2.0">
  <project timestamp="1628584340245" name="All files">
    <metrics statements="160" coveredstatements="115" conditionals="87" coveredconditionals="49" methods="52" coveredmethods="43" elements="299" coveredelements="207" complexity="0" loc="160" ncloc="160" packages="14" files="22" classes="22"/>
    <package name="src">
      <metrics statements="23" coveredstatements="13" conditionals="4" coveredconditionals="1" methods="4" coveredmethods="3"/>
      <file name="App.jsx" path="/Users/jorge/Desarrollo/mobile-device/src/App.jsx">
        <metrics statements="23" coveredstatements="13" conditionals="4" coveredconditionals="1" methods="4" coveredmethods="3"/>
        <line num="31" count="1" type="stmt"/>
        <line num="32" count="1" type="stmt"/>
        <line num="33" count="1" type="stmt"/>
        <line num="35" count="1" type="stmt"/>
        <line num="36" count="1" type="stmt"/>
        <line num="39" count="1" type="stmt"/>
        <line num="40" count="0" type="stmt"/>
        <line num="41" count="0" type="stmt"/>
        <line num="42" count="0" type="stmt"/>
        <line num="43" count="0" type="stmt"/>
        <line num="44" count="0" type="stmt"/>
        <line num="50" count="1" type="stmt"/>
        <line num="51" count="1" type="stmt"/>
        <line num="54" count="1" type="stmt"/>
        <line num="56" count="1" type="cond" truecount="1" falsecount="1"/>
        <line num="58" count="1" type="stmt"/>
        <line num="59" count="1" type="stmt"/>
        <line num="63" count="0" type="stmt"/>
        <line num="64" count="0" type="stmt"/>
        <line num="65" count="0" type="stmt"/>
        <line num="67" count="0" type="cond" truecount="0" falsecount="2"/>
        <line num="68" count="0" type="stmt"/>
        <line num="74" count="1" type="stmt"/>
      </file>
    </package>
    <package name="src.components.breadcrumbs">
      <metrics statements="3" coveredstatements="3" conditionals="5" coveredconditionals="3" methods="1" coveredmethods="1"/>
      <file name="breadcrumbs.jsx" path="/Users/jorge/Desarrollo/mobile-device/src/components/breadcrumbs/breadcrumbs.jsx">
        <metrics statements="3" coveredstatements="3" conditionals="5" coveredconditionals="3" methods="1" coveredmethods="1"/>
        <line num="24" count="1" type="stmt"/>
        <line num="25" count="1" type="stmt"/>
        <line num="27" count="1" type="stmt"/>
      </file>
    </package>
    <package name="src.components.card">
      <metrics statements="10" coveredstatements="10" conditionals="2" coveredconditionals="2" methods="4" coveredmethods="4"/>
      <file name="card.jsx" path="/Users/jorge/Desarrollo/mobile-device/src/components/card/card.jsx">
        <metrics statements="10" coveredstatements="10" conditionals="2" coveredconditionals="2" methods="4" coveredmethods="4"/>
        <line num="26" count="3" type="stmt"/>
        <line num="28" count="3" type="stmt"/>
        <line num="30" count="3" type="stmt"/>
        <line num="31" count="1" type="stmt"/>
        <line num="32" count="1" type="stmt"/>
        <line num="33" count="1" type="stmt"/>
        <line num="37" count="3" type="stmt"/>
        <line num="38" count="3" type="cond" truecount="2" falsecount="0"/>
        <line num="41" count="3" type="stmt"/>
        <line num="43" count="1" type="stmt"/>
      </file>
    </package>
    <package name="src.components.header">
      <metrics statements="2" coveredstatements="2" conditionals="2" coveredconditionals="1" methods="1" coveredmethods="1"/>
      <file name="header.jsx" path="/Users/jorge/Desarrollo/mobile-device/src/components/header/header.jsx">
        <metrics statements="2" coveredstatements="2" conditionals="2" coveredconditionals="1" methods="1" coveredmethods="1"/>
        <line num="30" count="1" type="stmt"/>
        <line num="34" count="1" type="stmt"/>
      </file>
    </package>
    <package name="src.components.modal">
      <metrics statements="1" coveredstatements="1" conditionals="0" coveredconditionals="0" methods="1" coveredmethods="1"/>
      <file name="modal.jsx" path="/Users/jorge/Desarrollo/mobile-device/src/components/modal/modal.jsx">
        <metrics statements="1" coveredstatements="1" conditionals="0" coveredconditionals="0" methods="1" coveredmethods="1"/>
        <line num="14" count="1" type="stmt"/>
      </file>
    </package>
    <package name="src.components.search">
      <metrics statements="5" coveredstatements="5" conditionals="4" coveredconditionals="1" methods="2" coveredmethods="2"/>
      <file name="search.jsx" path="/Users/jorge/Desarrollo/mobile-device/src/components/search/search.jsx">
        <metrics statements="5" coveredstatements="5" conditionals="4" coveredconditionals="1" methods="2" coveredmethods="2"/>
        <line num="22" count="2" type="stmt"/>
        <line num="24" count="2" type="stmt"/>
        <line num="26" count="2" type="stmt"/>
        <line num="27" count="1" type="stmt"/>
        <line num="30" count="2" type="stmt"/>
      </file>
    </package>
    <package name="src.components.select">
      <metrics statements="3" coveredstatements="3" conditionals="9" coveredconditionals="7" methods="2" coveredmethods="2"/>
      <file name="select.jsx" path="/Users/jorge/Desarrollo/mobile-device/src/components/select/select.jsx">
        <metrics statements="3" coveredstatements="3" conditionals="9" coveredconditionals="7" methods="2" coveredmethods="2"/>
        <line num="12" count="15" type="stmt"/>
        <line num="14" count="15" type="stmt"/>
        <line num="27" count="16" type="stmt"/>
      </file>
    </package>
    <package name="src.constants">
      <metrics statements="6" coveredstatements="6" conditionals="0" coveredconditionals="0" methods="0" coveredmethods="0"/>
      <file name="api.js" path="/Users/jorge/Desarrollo/mobile-device/src/constants/api.js">
        <metrics statements="3" coveredstatements="3" conditionals="0" coveredconditionals="0" methods="0" coveredmethods="0"/>
        <line num="2" count="8" type="stmt"/>
        <line num="6" count="8" type="stmt"/>
        <line num="7" count="8" type="stmt"/>
      </file>
      <file name="routes.js" path="/Users/jorge/Desarrollo/mobile-device/src/constants/routes.js">
        <metrics statements="3" coveredstatements="3" conditionals="0" coveredconditionals="0" methods="0" coveredmethods="0"/>
        <line num="2" count="3" type="stmt"/>
        <line num="5" count="3" type="stmt"/>
        <line num="8" count="3" type="stmt"/>
      </file>
    </package>
    <package name="src.containers.detail">
      <metrics statements="35" coveredstatements="32" conditionals="24" coveredconditionals="18" methods="10" coveredmethods="9"/>
      <file name="detail.container.jsx" path="/Users/jorge/Desarrollo/mobile-device/src/containers/detail/detail.container.jsx">
        <metrics statements="35" coveredstatements="32" conditionals="24" coveredconditionals="18" methods="10" coveredmethods="9"/>
        <line num="23" count="2" type="stmt"/>
        <line num="30" count="2" type="stmt"/>
        <line num="33" count="2" type="stmt"/>
        <line num="35" count="7" type="stmt"/>
        <line num="37" count="7" type="stmt"/>
        <line num="38" count="7" type="stmt"/>
        <line num="43" count="7" type="stmt"/>
        <line num="45" count="11" type="stmt"/>
        <line num="46" count="11" type="stmt"/>
        <line num="47" count="33" type="cond" truecount="2" falsecount="0"/>
        <line num="48" count="12" type="stmt"/>
        <line num="52" count="11" type="cond" truecount="2" falsecount="0"/>
        <line num="59" count="7" type="stmt"/>
        <line num="63" count="0" type="cond" truecount="0" falsecount="2"/>
        <line num="66" count="0" type="cond" truecount="0" falsecount="2"/>
        <line num="69" count="0" type="stmt"/>
        <line num="77" count="7" type="stmt"/>
        <line num="79" count="4" type="stmt"/>
        <line num="82" count="4" type="stmt"/>
        <line num="83" count="8" type="cond" truecount="1" falsecount="1"/>
        <line num="85" count="8" type="cond" truecount="2" falsecount="0"/>
        <line num="86" count="7" type="cond" truecount="2" falsecount="0"/>
        <line num="87" count="7" type="stmt"/>
        <line num="102" count="7" type="stmt"/>
        <line num="104" count="11" type="stmt"/>
        <line num="105" count="11" type="stmt"/>
        <line num="111" count="7" type="stmt"/>
        <line num="114" count="4" type="stmt"/>
        <line num="122" count="7" type="stmt"/>
        <line num="124" count="4" type="cond" truecount="1" falsecount="1"/>
        <line num="125" count="4" type="stmt"/>
        <line num="139" count="7" type="stmt"/>
        <line num="140" count="1" type="stmt"/>
        <line num="144" count="7" type="stmt"/>
        <line num="188" count="12" type="stmt"/>
      </file>
    </package>
    <package name="src.containers.home">
      <metrics statements="8" coveredstatements="7" conditionals="8" coveredconditionals="6" methods="3" coveredmethods="2"/>
      <file name="home.container.jsx" path="/Users/jorge/Desarrollo/mobile-device/src/containers/home/home.container.jsx">
        <metrics statements="8" coveredstatements="7" conditionals="8" coveredconditionals="6" methods="3" coveredmethods="2"/>
        <line num="25" count="2" type="stmt"/>
        <line num="27" count="4" type="stmt"/>
        <line num="28" count="4" type="stmt"/>
        <line num="30" count="4" type="stmt"/>
        <line num="32" count="4" type="stmt"/>
        <line num="33" count="2" type="stmt"/>
        <line num="37" count="4" type="stmt"/>
        <line num="59" count="0" type="stmt"/>
      </file>
    </package>
    <package name="src.reducers">
      <metrics statements="18" coveredstatements="9" conditionals="22" coveredconditionals="9" methods="4" coveredmethods="4"/>
      <file name="cart.js" path="/Users/jorge/Desarrollo/mobile-device/src/reducers/cart.js">
        <metrics statements="5" coveredstatements="2" conditionals="6" coveredconditionals="2" methods="1" coveredmethods="1"/>
        <line num="6" count="57" type="cond" truecount="1" falsecount="3"/>
        <line num="9" count="0" type="stmt"/>
        <line num="15" count="0" type="stmt"/>
        <line num="21" count="0" type="stmt"/>
        <line num="26" count="57" type="stmt"/>
      </file>
      <file name="products.js" path="/Users/jorge/Desarrollo/mobile-device/src/reducers/products.js">
        <metrics statements="4" coveredstatements="3" conditionals="5" coveredconditionals="3" methods="1" coveredmethods="1"/>
        <line num="6" count="57" type="cond" truecount="2" falsecount="1"/>
        <line num="9" count="1" type="stmt"/>
        <line num="12" count="0" type="stmt"/>
        <line num="15" count="56" type="stmt"/>
      </file>
      <file name="search.js" path="/Users/jorge/Desarrollo/mobile-device/src/reducers/search.js">
        <metrics statements="4" coveredstatements="2" conditionals="5" coveredconditionals="2" methods="1" coveredmethods="1"/>
        <line num="6" count="57" type="cond" truecount="1" falsecount="2"/>
        <line num="9" count="0" type="stmt"/>
        <line num="15" count="0" type="stmt"/>
        <line num="26" count="57" type="stmt"/>
      </file>
      <file name="selected-product.js" path="/Users/jorge/Desarrollo/mobile-device/src/reducers/selected-product.js">
        <metrics statements="5" coveredstatements="2" conditionals="6" coveredconditionals="2" methods="1" coveredmethods="1"/>
        <line num="6" count="57" type="cond" truecount="1" falsecount="3"/>
        <line num="9" count="0" type="stmt"/>
        <line num="15" count="0" type="stmt"/>
        <line num="21" count="0" type="stmt"/>
        <line num="27" count="57" type="stmt"/>
      </file>
    </package>
    <package name="src.sagas">
      <metrics statements="28" coveredstatements="11" conditionals="2" coveredconditionals="0" methods="10" coveredmethods="7"/>
      <file name="cart.saga.js" path="/Users/jorge/Desarrollo/mobile-device/src/sagas/cart.saga.js">
        <metrics statements="6" coveredstatements="4" conditionals="0" coveredconditionals="0" methods="2" coveredmethods="2"/>
        <line num="15" count="1" type="stmt"/>
        <line num="17" count="1" type="stmt"/>
        <line num="18" count="1" type="stmt"/>
        <line num="20" count="0" type="stmt"/>
        <line num="26" count="0" type="stmt"/>
        <line num="32" count="17" type="stmt"/>
      </file>
      <file name="index.saga.js" path="/Users/jorge/Desarrollo/mobile-device/src/sagas/index.saga.js">
        <metrics statements="3" coveredstatements="2" conditionals="0" coveredconditionals="0" methods="1" coveredmethods="1"/>
        <line num="9" count="15" type="stmt"/>
        <line num="10" count="15" type="stmt"/>
        <line num="18" count="0" type="stmt"/>
      </file>
      <file name="product.saga.js" path="/Users/jorge/Desarrollo/mobile-device/src/sagas/product.saga.js">
        <metrics statements="12" coveredstatements="4" conditionals="0" coveredconditionals="0" methods="4" coveredmethods="3"/>
        <line num="16" count="1" type="stmt"/>
        <line num="17" count="1" type="stmt"/>
        <line num="18" count="0" type="stmt"/>
        <line num="19" count="0" type="stmt"/>
        <line num="20" count="0" type="stmt"/>
        <line num="25" count="0" type="stmt"/>
        <line num="31" count="0" type="stmt"/>
        <line num="33" count="0" type="stmt"/>
        <line num="34" count="0" type="stmt"/>
        <line num="37" count="0" type="stmt"/>
        <line num="44" count="16" type="stmt"/>
        <line num="48" count="16" type="stmt"/>
      </file>
      <file name="search.saga.js" path="/Users/jorge/Desarrollo/mobile-device/src/sagas/search.saga.js">
        <metrics statements="7" coveredstatements="1" conditionals="2" coveredconditionals="0" methods="3" coveredmethods="1"/>
        <line num="12" count="0" type="stmt"/>
        <line num="14" count="0" type="stmt"/>
        <line num="15" count="0" type="cond" truecount="0" falsecount="2"/>
        <line num="16" count="0" type="stmt"/>
        <line num="17" count="0" type="stmt"/>
        <line num="20" count="0" type="stmt"/>
        <line num="27" count="16" type="stmt"/>
      </file>
    </package>
    <package name="src.service">
      <metrics statements="12" coveredstatements="7" conditionals="5" coveredconditionals="1" methods="4" coveredmethods="2"/>
      <file name="api.js" path="/Users/jorge/Desarrollo/mobile-device/src/service/api.js">
        <metrics statements="7" coveredstatements="4" conditionals="1" coveredconditionals="0" methods="3" coveredmethods="1"/>
        <line num="5" count="8" type="cond" truecount="0" falsecount="1"/>
        <line num="6" count="0" type="stmt"/>
        <line num="10" count="0" type="stmt"/>
        <line num="13" count="8" type="stmt"/>
        <line num="14" count="0" type="stmt"/>
        <line num="16" count="8" type="stmt"/>
        <line num="17" count="1" type="stmt"/>
      </file>
      <file name="methods.js" path="/Users/jorge/Desarrollo/mobile-device/src/service/methods.js">
        <metrics statements="5" coveredstatements="3" conditionals="4" coveredconditionals="1" methods="1" coveredmethods="1"/>
        <line num="5" count="8" type="stmt"/>
        <line num="12" count="1" type="cond" truecount="1" falsecount="2"/>
        <line num="14" count="0" type="stmt"/>
        <line num="17" count="1" type="stmt"/>
        <line num="20" count="0" type="stmt"/>
      </file>
    </package>
    <package name="src.store">
      <metrics statements="6" coveredstatements="6" conditionals="0" coveredconditionals="0" methods="6" coveredmethods="5"/>
      <file name="selectors.js" path="/Users/jorge/Desarrollo/mobile-device/src/store/selectors.js">
        <metrics statements="6" coveredstatements="6" conditionals="0" coveredconditionals="0" methods="6" coveredmethods="5"/>
        <line num="1" count="8" type="stmt"/>
        <line num="2" count="8" type="stmt"/>
        <line num="3" count="8" type="stmt"/>
        <line num="4" count="8" type="stmt"/>
        <line num="5" count="8" type="stmt"/>
        <line num="6" count="8" type="stmt"/>
      </file>
    </package>
  </project>
</coverage>
