<?xml version="1.0" encoding="UTF-8"?>
<coverage generated="1628468669874" clover="3.2.0">
  <project timestamp="1628468669874" name="All files">
    <metrics statements="34" coveredstatements="23" conditionals="9" coveredconditionals="3" methods="7" coveredmethods="5" elements="50" coveredelements="31" complexity="0" loc="34" ncloc="34" packages="2" files="2" classes="2"/>
    <package name="src">
      <metrics statements="23" coveredstatements="13" conditionals="4" coveredconditionals="1" methods="4" coveredmethods="3"/>
      <file name="App.jsx" path="/Users/koko/Desarrollo/indi/mobile-device/src/App.jsx">
        <metrics statements="23" coveredstatements="13" conditionals="4" coveredconditionals="1" methods="4" coveredmethods="3"/>
        <line num="31" count="1" type="stmt"/>
        <line num="32" count="1" type="stmt"/>
        <line num="33" count="1" type="stmt"/>
        <line num="35" count="1" type="stmt"/>
        <line num="36" count="1" type="stmt"/>
        <line num="39" count="1" type="stmt"/>
        <line num="40" count="0" type="stmt"/>
        <line num="41" count="0" type="stmt"/>
        <line num="42" count="0" type="stmt"/>
        <line num="43" count="0" type="stmt"/>
        <line num="44" count="0" type="stmt"/>
        <line num="50" count="1" type="stmt"/>
        <line num="51" count="1" type="stmt"/>
        <line num="54" count="1" type="stmt"/>
        <line num="56" count="1" type="cond" truecount="1" falsecount="1"/>
        <line num="58" count="1" type="stmt"/>
        <line num="59" count="1" type="stmt"/>
        <line num="63" count="0" type="stmt"/>
        <line num="64" count="0" type="stmt"/>
        <line num="65" count="0" type="stmt"/>
        <line num="67" count="0" type="cond" truecount="0" falsecount="2"/>
        <line num="68" count="0" type="stmt"/>
        <line num="74" count="1" type="stmt"/>
      </file>
    </package>
    <package name="src.test">
      <metrics statements="11" coveredstatements="10" conditionals="5" coveredconditionals="2" methods="3" coveredmethods="2"/>
      <file name="test-utils.js" path="/Users/koko/Desarrollo/indi/mobile-device/src/test/test-utils.js">
        <metrics statements="11" coveredstatements="10" conditionals="5" coveredconditionals="2" methods="3" coveredmethods="2"/>
        <line num="24" count="2" type="stmt"/>
        <line num="25" count="3" type="stmt"/>
        <line num="30" count="2" type="stmt"/>
        <line num="31" count="2" type="stmt"/>
        <line num="33" count="2" type="stmt"/>
        <line num="40" count="0" type="stmt"/>
        <line num="49" count="2" type="cond" truecount="2" falsecount="0"/>
        <line num="50" count="3" type="stmt"/>
        <line num="52" count="3" type="stmt"/>
        <line num="57" count="3" type="stmt"/>
        <line num="58" count="3" type="stmt"/>
      </file>
    </package>
  </project>
</coverage>
