{"/Users/jorge/Desarrollo/mobile-device/src/App.jsx": {"path":"/Users/jorge/Desarrollo/mobile-device/src/App.jsx","statementMap":{"0":{"start":{"line":31,"column":36},"end":{"line":31,"column":51}},"1":{"start":{"line":32,"column":19},"end":{"line":32,"column":32}},"2":{"start":{"line":33,"column":18},"end":{"line":33,"column":30}},"3":{"start":{"line":35,"column":24},"end":{"line":37,"column":3}},"4":{"start":{"line":36,"column":4},"end":{"line":36,"column":41}},"5":{"start":{"line":39,"column":27},"end":{"line":47,"column":3}},"6":{"start":{"line":40,"column":4},"end":{"line":40,"column":71}},"7":{"start":{"line":41,"column":4},"end":{"line":41,"column":19}},"8":{"start":{"line":42,"column":4},"end":{"line":42,"column":29}},"9":{"start":{"line":43,"column":4},"end":{"line":43,"column":23}},"10":{"start":{"line":44,"column":4},"end":{"line":44,"column":38}},"11":{"start":{"line":50,"column":26},"end":{"line":50,"column":75}},"12":{"start":{"line":51,"column":26},"end":{"line":51,"column":59}},"13":{"start":{"line":54,"column":2},"end":{"line":72,"column":23}},"14":{"start":{"line":56,"column":4},"end":{"line":70,"column":5}},"15":{"start":{"line":58,"column":6},"end":{"line":58,"column":73}},"16":{"start":{"line":59,"column":6},"end":{"line":59,"column":21}},"17":{"start":{"line":63,"column":29},"end":{"line":63,"column":74}},"18":{"start":{"line":64,"column":19},"end":{"line":64,"column":43}},"19":{"start":{"line":65,"column":12},"end":{"line":65,"column":43}},"20":{"start":{"line":67,"column":6},"end":{"line":69,"column":7}},"21":{"start":{"line":68,"column":8},"end":{"line":68,"column":26}},"22":{"start":{"line":74,"column":2},"end":{"line":97,"column":4}}},"fnMap":{"0":{"name":"App","decl":{"start":{"line":29,"column":9},"end":{"line":29,"column":12}},"loc":{"start":{"line":29,"column":15},"end":{"line":98,"column":1}},"line":29},"1":{"name":"(anonymous_1)","decl":{"start":{"line":35,"column":24},"end":{"line":35,"column":25}},"loc":{"start":{"line":35,"column":30},"end":{"line":37,"column":3}},"line":35},"2":{"name":"(anonymous_2)","decl":{"start":{"line":39,"column":27},"end":{"line":39,"column":28}},"loc":{"start":{"line":39,"column":33},"end":{"line":47,"column":3}},"line":39},"3":{"name":"(anonymous_3)","decl":{"start":{"line":54,"column":12},"end":{"line":54,"column":13}},"loc":{"start":{"line":54,"column":18},"end":{"line":72,"column":3}},"line":54}},"branchMap":{"0":{"loc":{"start":{"line":56,"column":4},"end":{"line":70,"column":5}},"type":"if","locations":[{"start":{"line":56,"column":4},"end":{"line":70,"column":5}},{"start":{"line":56,"column":4},"end":{"line":70,"column":5}}],"line":56},"1":{"loc":{"start":{"line":67,"column":6},"end":{"line":69,"column":7}},"type":"if","locations":[{"start":{"line":67,"column":6},"end":{"line":69,"column":7}},{"start":{"line":67,"column":6},"end":{"line":69,"column":7}}],"line":67}},"s":{"0":1,"1":1,"2":1,"3":1,"4":1,"5":1,"6":0,"7":0,"8":0,"9":0,"10":0,"11":1,"12":1,"13":1,"14":1,"15":1,"16":1,"17":0,"18":0,"19":0,"20":0,"21":0,"22":1},"f":{"0":1,"1":1,"2":0,"3":1},"b":{"0":[1,0],"1":[0,0]},"_coverageSchema":"1a1c01bbd47fc00a2c39e90264f33305004495a9","hash":"80866f9b8c956d8f02d43473ce5076f73509573f"}
,"/Users/jorge/Desarrollo/mobile-device/src/components/breadcrumbs/breadcrumbs.jsx": {"path":"/Users/jorge/Desarrollo/mobile-device/src/components/breadcrumbs/breadcrumbs.jsx","statementMap":{"0":{"start":{"line":24,"column":17},"end":{"line":24,"column":30}},"1":{"start":{"line":25,"column":21},"end":{"line":25,"column":49}},"2":{"start":{"line":27,"column":2},"end":{"line":41,"column":4}}},"fnMap":{"0":{"name":"(anonymous_0)","decl":{"start":{"line":22,"column":15},"end":{"line":22,"column":16}},"loc":{"start":{"line":22,"column":21},"end":{"line":42,"column":1}},"line":22}},"branchMap":{"0":{"loc":{"start":{"line":29,"column":10},"end":{"line":31,"column":13}},"type":"binary-expr","locations":[{"start":{"line":29,"column":10},"end":{"line":29,"column":42}},{"start":{"line":30,"column":12},"end":{"line":30,"column":53}}],"line":29},"1":{"loc":{"start":{"line":33,"column":10},"end":{"line":38,"column":9}},"type":"binary-expr","locations":[{"start":{"line":33,"column":10},"end":{"line":33,"column":20}},{"start":{"line":33,"column":24},"end":{"line":33,"column":56}},{"start":{"line":34,"column":10},"end":{"line":37,"column":13}}],"line":33}},"s":{"0":1,"1":1,"2":1},"f":{"0":1},"b":{"0":[1,1],"1":[1,0,0]},"_coverageSchema":"1a1c01bbd47fc00a2c39e90264f33305004495a9","hash":"092383874603a2d535670463620739624317703c"}
,"/Users/jorge/Desarrollo/mobile-device/src/components/card/card.jsx": {"path":"/Users/jorge/Desarrollo/mobile-device/src/components/card/card.jsx","statementMap":{"0":{"start":{"line":26,"column":19},"end":{"line":26,"column":32}},"1":{"start":{"line":28,"column":20},"end":{"line":28,"column":29}},"2":{"start":{"line":30,"column":23},"end":{"line":34,"column":3}},"3":{"start":{"line":31,"column":4},"end":{"line":31,"column":44}},"4":{"start":{"line":32,"column":4},"end":{"line":32,"column":62}},"5":{"start":{"line":33,"column":4},"end":{"line":33,"column":56}},"6":{"start":{"line":37,"column":26},"end":{"line":39,"column":3}},"7":{"start":{"line":38,"column":4},"end":{"line":38,"column":56}},"8":{"start":{"line":41,"column":2},"end":{"line":63,"column":4}},"9":{"start":{"line":43,"column":66},"end":{"line":43,"column":87}}},"fnMap":{"0":{"name":"(anonymous_0)","decl":{"start":{"line":24,"column":15},"end":{"line":24,"column":16}},"loc":{"start":{"line":24,"column":29},"end":{"line":64,"column":1}},"line":24},"1":{"name":"(anonymous_1)","decl":{"start":{"line":30,"column":23},"end":{"line":30,"column":24}},"loc":{"start":{"line":30,"column":31},"end":{"line":34,"column":3}},"line":30},"2":{"name":"(anonymous_2)","decl":{"start":{"line":37,"column":26},"end":{"line":37,"column":27}},"loc":{"start":{"line":37,"column":37},"end":{"line":39,"column":3}},"line":37},"3":{"name":"(anonymous_3)","decl":{"start":{"line":43,"column":60},"end":{"line":43,"column":61}},"loc":{"start":{"line":43,"column":66},"end":{"line":43,"column":87}},"line":43}},"branchMap":{"0":{"loc":{"start":{"line":38,"column":11},"end":{"line":38,"column":55}},"type":"cond-expr","locations":[{"start":{"line":38,"column":26},"end":{"line":38,"column":37}},{"start":{"line":38,"column":40},"end":{"line":38,"column":55}}],"line":38}},"s":{"0":3,"1":3,"2":3,"3":1,"4":1,"5":1,"6":3,"7":3,"8":3,"9":1},"f":{"0":3,"1":1,"2":3,"3":1},"b":{"0":[2,1]},"_coverageSchema":"1a1c01bbd47fc00a2c39e90264f33305004495a9","hash":"ad9158ce32ecf3cf2db9087ada9dcbde0855f9f5"}
,"/Users/jorge/Desarrollo/mobile-device/src/components/header/header.jsx": {"path":"/Users/jorge/Desarrollo/mobile-device/src/components/header/header.jsx","statementMap":{"0":{"start":{"line":30,"column":20},"end":{"line":30,"column":53}},"1":{"start":{"line":34,"column":2},"end":{"line":58,"column":4}}},"fnMap":{"0":{"name":"(anonymous_0)","decl":{"start":{"line":28,"column":15},"end":{"line":28,"column":16}},"loc":{"start":{"line":28,"column":21},"end":{"line":59,"column":1}},"line":28}},"branchMap":{"0":{"loc":{"start":{"line":47,"column":33},"end":{"line":47,"column":58}},"type":"cond-expr","locations":[{"start":{"line":47,"column":45},"end":{"line":47,"column":54}},{"start":{"line":47,"column":57},"end":{"line":47,"column":58}}],"line":47}},"s":{"0":1,"1":1},"f":{"0":1},"b":{"0":[0,1]},"_coverageSchema":"1a1c01bbd47fc00a2c39e90264f33305004495a9","hash":"844953b63f6caf29f39ad18e5c9440f2a55cefba"}
,"/Users/jorge/Desarrollo/mobile-device/src/components/modal/modal.jsx": {"path":"/Users/jorge/Desarrollo/mobile-device/src/components/modal/modal.jsx","statementMap":{"0":{"start":{"line":14,"column":2},"end":{"line":37,"column":4}}},"fnMap":{"0":{"name":"(anonymous_0)","decl":{"start":{"line":12,"column":15},"end":{"line":12,"column":16}},"loc":{"start":{"line":12,"column":46},"end":{"line":38,"column":1}},"line":12}},"branchMap":{},"s":{"0":1},"f":{"0":1},"b":{},"_coverageSchema":"1a1c01bbd47fc00a2c39e90264f33305004495a9","hash":"25f6f63e66a625664681546c407ffd2cee44212e"}
,"/Users/jorge/Desarrollo/mobile-device/src/components/search/search.jsx": {"path":"/Users/jorge/Desarrollo/mobile-device/src/components/search/search.jsx","statementMap":{"0":{"start":{"line":22,"column":19},"end":{"line":22,"column":32}},"1":{"start":{"line":24,"column":22},"end":{"line":24,"column":53}},"2":{"start":{"line":26,"column":26},"end":{"line":28,"column":3}},"3":{"start":{"line":27,"column":4},"end":{"line":27,"column":68}},"4":{"start":{"line":30,"column":2},"end":{"line":57,"column":4}}},"fnMap":{"0":{"name":"(anonymous_0)","decl":{"start":{"line":20,"column":15},"end":{"line":20,"column":16}},"loc":{"start":{"line":20,"column":54},"end":{"line":58,"column":1}},"line":20},"1":{"name":"(anonymous_1)","decl":{"start":{"line":26,"column":26},"end":{"line":26,"column":27}},"loc":{"start":{"line":26,"column":33},"end":{"line":28,"column":3}},"line":26}},"branchMap":{"0":{"loc":{"start":{"line":20,"column":17},"end":{"line":20,"column":31}},"type":"default-arg","locations":[{"start":{"line":20,"column":30},"end":{"line":20,"column":31}}],"line":20},"1":{"loc":{"start":{"line":20,"column":33},"end":{"line":20,"column":48}},"type":"default-arg","locations":[{"start":{"line":20,"column":47},"end":{"line":20,"column":48}}],"line":20},"2":{"loc":{"start":{"line":47,"column":47},"end":{"line":47,"column":77}},"type":"cond-expr","locations":[{"start":{"line":47,"column":61},"end":{"line":47,"column":72}},{"start":{"line":47,"column":75},"end":{"line":47,"column":77}}],"line":47}},"s":{"0":2,"1":2,"2":2,"3":1,"4":2},"f":{"0":2,"1":1},"b":{"0":[0],"1":[0],"2":[0,2]},"_coverageSchema":"1a1c01bbd47fc00a2c39e90264f33305004495a9","hash":"4f165ca370dff4e3f950c7cce5ee3f1a78289997"}
,"/Users/jorge/Desarrollo/mobile-device/src/components/select/select.jsx": {"path":"/Users/jorge/Desarrollo/mobile-device/src/components/select/select.jsx","statementMap":{"0":{"start":{"line":12,"column":19},"end":{"line":12,"column":42}},"1":{"start":{"line":14,"column":2},"end":{"line":34,"column":4}},"2":{"start":{"line":27,"column":14},"end":{"line":27,"column":91}}},"fnMap":{"0":{"name":"(anonymous_0)","decl":{"start":{"line":10,"column":15},"end":{"line":10,"column":16}},"loc":{"start":{"line":10,"column":61},"end":{"line":35,"column":1}},"line":10},"1":{"name":"(anonymous_1)","decl":{"start":{"line":26,"column":34},"end":{"line":26,"column":35}},"loc":{"start":{"line":27,"column":14},"end":{"line":27,"column":91}},"line":27}},"branchMap":{"0":{"loc":{"start":{"line":10,"column":17},"end":{"line":10,"column":28}},"type":"default-arg","locations":[{"start":{"line":10,"column":26},"end":{"line":10,"column":28}}],"line":10},"1":{"loc":{"start":{"line":10,"column":30},"end":{"line":10,"column":39}},"type":"default-arg","locations":[{"start":{"line":10,"column":37},"end":{"line":10,"column":39}}],"line":10},"2":{"loc":{"start":{"line":19,"column":102},"end":{"line":19,"column":145}},"type":"cond-expr","locations":[{"start":{"line":19,"column":125},"end":{"line":19,"column":140}},{"start":{"line":19,"column":143},"end":{"line":19,"column":145}}],"line":19},"3":{"loc":{"start":{"line":22,"column":11},"end":{"line":24,"column":11}},"type":"binary-expr","locations":[{"start":{"line":22,"column":11},"end":{"line":22,"column":18}},{"start":{"line":22,"column":22},"end":{"line":22,"column":40}},{"start":{"line":23,"column":14},"end":{"line":23,"column":66}}],"line":22},"4":{"loc":{"start":{"line":26,"column":11},"end":{"line":28,"column":12}},"type":"binary-expr","locations":[{"start":{"line":26,"column":11},"end":{"line":26,"column":18}},{"start":{"line":26,"column":22},"end":{"line":28,"column":12}}],"line":26}},"s":{"0":15,"1":15,"2":16},"f":{"0":15,"1":16},"b":{"0":[0],"1":[0],"2":[13,2],"3":[15,15,1],"4":[15,15]},"_coverageSchema":"1a1c01bbd47fc00a2c39e90264f33305004495a9","hash":"d9f995f1b485019b704ed14d98c3aa6a0cc30e59"}
,"/Users/jorge/Desarrollo/mobile-device/src/constants/api.js": {"path":"/Users/jorge/Desarrollo/mobile-device/src/constants/api.js","statementMap":{"0":{"start":{"line":2,"column":17},"end":{"line":2,"column":55}},"1":{"start":{"line":6,"column":27},"end":{"line":6,"column":52}},"2":{"start":{"line":7,"column":31},"end":{"line":7,"column":53}}},"fnMap":{},"branchMap":{},"s":{"0":9,"1":9,"2":9},"f":{},"b":{},"_coverageSchema":"1a1c01bbd47fc00a2c39e90264f33305004495a9","hash":"e454297bef3302c92f1e03643df65b73b8d71736"}
,"/Users/jorge/Desarrollo/mobile-device/src/constants/routes.js": {"path":"/Users/jorge/Desarrollo/mobile-device/src/constants/routes.js","statementMap":{"0":{"start":{"line":2,"column":19},"end":{"line":2,"column":21}},"1":{"start":{"line":5,"column":26},"end":{"line":5,"column":42}},"2":{"start":{"line":8,"column":28},"end":{"line":8,"column":50}}},"fnMap":{},"branchMap":{},"s":{"0":3,"1":3,"2":3},"f":{},"b":{},"_coverageSchema":"1a1c01bbd47fc00a2c39e90264f33305004495a9","hash":"17fa4c4962e8cbc4d669a4e7e4ca54d3cc7a3cd4"}
,"/Users/jorge/Desarrollo/mobile-device/src/containers/detail/detail.container.jsx": {"path":"/Users/jorge/Desarrollo/mobile-device/src/containers/detail/detail.container.jsx","statementMap":{"0":{"start":{"line":23,"column":28},"end":{"line":27,"column":1}},"1":{"start":{"line":30,"column":21},"end":{"line":30,"column":23}},"2":{"start":{"line":33,"column":24},"end":{"line":236,"column":1}},"3":{"start":{"line":35,"column":50},"end":{"line":35,"column":64}},"4":{"start":{"line":37,"column":22},"end":{"line":37,"column":50}},"5":{"start":{"line":38,"column":19},"end":{"line":38,"column":32}},"6":{"start":{"line":43,"column":28},"end":{"line":53,"column":3}},"7":{"start":{"line":45,"column":23},"end":{"line":45,"column":28}},"8":{"start":{"line":46,"column":4},"end":{"line":50,"column":6}},"9":{"start":{"line":47,"column":5},"end":{"line":49,"column":6}},"10":{"start":{"line":48,"column":6},"end":{"line":48,"column":25}},"11":{"start":{"line":52,"column":4},"end":{"line":52,"column":52}},"12":{"start":{"line":59,"column":25},"end":{"line":71,"column":3}},"13":{"start":{"line":63,"column":31},"end":{"line":63,"column":85}},"14":{"start":{"line":66,"column":25},"end":{"line":66,"column":112}},"15":{"start":{"line":69,"column":4},"end":{"line":69,"column":46}},"16":{"start":{"line":77,"column":37},"end":{"line":92,"column":3}},"17":{"start":{"line":79,"column":6},"end":{"line":79,"column":29}},"18":{"start":{"line":82,"column":6},"end":{"line":90,"column":7}},"19":{"start":{"line":83,"column":8},"end":{"line":89,"column":9}},"20":{"start":{"line":85,"column":10},"end":{"line":88,"column":11}},"21":{"start":{"line":86,"column":39},"end":{"line":86,"column":85}},"22":{"start":{"line":87,"column":12},"end":{"line":87,"column":70}},"23":{"start":{"line":102,"column":19},"end":{"line":106,"column":3}},"24":{"start":{"line":104,"column":4},"end":{"line":104,"column":48}},"25":{"start":{"line":105,"column":4},"end":{"line":105,"column":23}},"26":{"start":{"line":111,"column":3},"end":{"line":116,"column":8}},"27":{"start":{"line":114,"column":4},"end":{"line":114,"column":52}},"28":{"start":{"line":122,"column":3},"end":{"line":130,"column":47}},"29":{"start":{"line":124,"column":4},"end":{"line":128,"column":5}},"30":{"start":{"line":125,"column":6},"end":{"line":125,"column":45}},"31":{"start":{"line":139,"column":25},"end":{"line":141,"column":3}},"32":{"start":{"line":140,"column":4},"end":{"line":140,"column":62}},"33":{"start":{"line":144,"column":2},"end":{"line":235,"column":4}},"34":{"start":{"line":188,"column":18},"end":{"line":197,"column":19}}},"fnMap":{"0":{"name":"(anonymous_0)","decl":{"start":{"line":33,"column":24},"end":{"line":33,"column":25}},"loc":{"start":{"line":33,"column":30},"end":{"line":236,"column":1}},"line":33},"1":{"name":"(anonymous_1)","decl":{"start":{"line":43,"column":28},"end":{"line":43,"column":29}},"loc":{"start":{"line":43,"column":34},"end":{"line":53,"column":3}},"line":43},"2":{"name":"(anonymous_2)","decl":{"start":{"line":46,"column":34},"end":{"line":46,"column":35}},"loc":{"start":{"line":46,"column":43},"end":{"line":50,"column":5}},"line":46},"3":{"name":"(anonymous_3)","decl":{"start":{"line":59,"column":25},"end":{"line":59,"column":26}},"loc":{"start":{"line":59,"column":32},"end":{"line":71,"column":3}},"line":59},"4":{"name":"(anonymous_4)","decl":{"start":{"line":77,"column":49},"end":{"line":77,"column":50}},"loc":{"start":{"line":77,"column":59},"end":{"line":91,"column":5}},"line":77},"5":{"name":"(anonymous_5)","decl":{"start":{"line":102,"column":19},"end":{"line":102,"column":20}},"loc":{"start":{"line":102,"column":36},"end":{"line":106,"column":3}},"line":102},"6":{"name":"(anonymous_6)","decl":{"start":{"line":111,"column":13},"end":{"line":111,"column":14}},"loc":{"start":{"line":111,"column":19},"end":{"line":116,"column":3}},"line":111},"7":{"name":"(anonymous_7)","decl":{"start":{"line":122,"column":13},"end":{"line":122,"column":14}},"loc":{"start":{"line":122,"column":19},"end":{"line":130,"column":3}},"line":122},"8":{"name":"(anonymous_8)","decl":{"start":{"line":139,"column":25},"end":{"line":139,"column":26}},"loc":{"start":{"line":139,"column":31},"end":{"line":141,"column":3}},"line":139},"9":{"name":"(anonymous_9)","decl":{"start":{"line":187,"column":76},"end":{"line":187,"column":77}},"loc":{"start":{"line":187,"column":85},"end":{"line":198,"column":17}},"line":187}},"branchMap":{"0":{"loc":{"start":{"line":47,"column":5},"end":{"line":49,"column":6}},"type":"if","locations":[{"start":{"line":47,"column":5},"end":{"line":49,"column":6}},{"start":{"line":47,"column":5},"end":{"line":49,"column":6}}],"line":47},"1":{"loc":{"start":{"line":52,"column":24},"end":{"line":52,"column":51}},"type":"cond-expr","locations":[{"start":{"line":52,"column":39},"end":{"line":52,"column":43}},{"start":{"line":52,"column":46},"end":{"line":52,"column":51}}],"line":52},"2":{"loc":{"start":{"line":63,"column":31},"end":{"line":63,"column":85}},"type":"cond-expr","locations":[{"start":{"line":63,"column":58},"end":{"line":63,"column":69}},{"start":{"line":63,"column":72},"end":{"line":63,"column":85}}],"line":63},"3":{"loc":{"start":{"line":66,"column":25},"end":{"line":66,"column":112}},"type":"cond-expr","locations":[{"start":{"line":66,"column":67},"end":{"line":66,"column":105}},{"start":{"line":66,"column":108},"end":{"line":66,"column":112}}],"line":66},"4":{"loc":{"start":{"line":83,"column":8},"end":{"line":89,"column":9}},"type":"if","locations":[{"start":{"line":83,"column":8},"end":{"line":89,"column":9}},{"start":{"line":83,"column":8},"end":{"line":89,"column":9}}],"line":83},"5":{"loc":{"start":{"line":85,"column":10},"end":{"line":88,"column":11}},"type":"if","locations":[{"start":{"line":85,"column":10},"end":{"line":88,"column":11}},{"start":{"line":85,"column":10},"end":{"line":88,"column":11}}],"line":85},"6":{"loc":{"start":{"line":86,"column":39},"end":{"line":86,"column":85}},"type":"cond-expr","locations":[{"start":{"line":86,"column":58},"end":{"line":86,"column":69}},{"start":{"line":86,"column":72},"end":{"line":86,"column":85}}],"line":86},"7":{"loc":{"start":{"line":124,"column":4},"end":{"line":128,"column":5}},"type":"if","locations":[{"start":{"line":124,"column":4},"end":{"line":128,"column":5}},{"start":{"line":124,"column":4},"end":{"line":128,"column":5}}],"line":124},"8":{"loc":{"start":{"line":149,"column":7},"end":{"line":230,"column":9}},"type":"binary-expr","locations":[{"start":{"line":149,"column":7},"end":{"line":149,"column":18}},{"start":{"line":150,"column":8},"end":{"line":229,"column":11}}],"line":149},"9":{"loc":{"start":{"line":187,"column":18},"end":{"line":198,"column":18}},"type":"binary-expr","locations":[{"start":{"line":187,"column":18},"end":{"line":187,"column":35}},{"start":{"line":187,"column":39},"end":{"line":198,"column":18}}],"line":187},"10":{"loc":{"start":{"line":205,"column":17},"end":{"line":215,"column":17}},"type":"binary-expr","locations":[{"start":{"line":205,"column":17},"end":{"line":205,"column":34}},{"start":{"line":206,"column":18},"end":{"line":214,"column":25}}],"line":205},"11":{"loc":{"start":{"line":217,"column":17},"end":{"line":222,"column":17}},"type":"binary-expr","locations":[{"start":{"line":217,"column":17},"end":{"line":217,"column":35}},{"start":{"line":218,"column":18},"end":{"line":220,"column":26}}],"line":217}},"s":{"0":2,"1":2,"2":2,"3":7,"4":7,"5":7,"6":7,"7":11,"8":11,"9":33,"10":12,"11":11,"12":7,"13":0,"14":0,"15":0,"16":7,"17":4,"18":4,"19":8,"20":8,"21":7,"22":7,"23":7,"24":11,"25":11,"26":7,"27":4,"28":7,"29":4,"30":4,"31":7,"32":1,"33":7,"34":12},"f":{"0":7,"1":11,"2":33,"3":0,"4":4,"5":11,"6":4,"7":4,"8":1,"9":12},"b":{"0":[12,21],"1":[8,3],"2":[0,0],"3":[0,0],"4":[8,0],"5":[7,1],"6":[4,3],"7":[4,0],"8":[7,7],"9":[7,6],"10":[7,6],"11":[7,1]},"_coverageSchema":"1a1c01bbd47fc00a2c39e90264f33305004495a9","hash":"d90a202232a6213a7eefa0fe2d7b145ac49ba70d"}
,"/Users/jorge/Desarrollo/mobile-device/src/containers/home/home.container.jsx": {"path":"/Users/jorge/Desarrollo/mobile-device/src/containers/home/home.container.jsx","statementMap":{"0":{"start":{"line":25,"column":22},"end":{"line":71,"column":1}},"1":{"start":{"line":27,"column":25},"end":{"line":27,"column":53}},"2":{"start":{"line":28,"column":22},"end":{"line":28,"column":49}},"3":{"start":{"line":30,"column":36},"end":{"line":30,"column":50}},"4":{"start":{"line":32,"column":2},"end":{"line":34,"column":19}},"5":{"start":{"line":33,"column":4},"end":{"line":33,"column":23}},"6":{"start":{"line":37,"column":2},"end":{"line":70,"column":4}},"7":{"start":{"line":59,"column":12},"end":{"line":61,"column":18}}},"fnMap":{"0":{"name":"(anonymous_0)","decl":{"start":{"line":25,"column":22},"end":{"line":25,"column":23}},"loc":{"start":{"line":25,"column":28},"end":{"line":71,"column":1}},"line":25},"1":{"name":"(anonymous_1)","decl":{"start":{"line":32,"column":12},"end":{"line":32,"column":13}},"loc":{"start":{"line":32,"column":18},"end":{"line":34,"column":3}},"line":32},"2":{"name":"(anonymous_2)","decl":{"start":{"line":58,"column":56},"end":{"line":58,"column":57}},"loc":{"start":{"line":59,"column":12},"end":{"line":61,"column":18}},"line":59}},"branchMap":{"0":{"loc":{"start":{"line":42,"column":9},"end":{"line":45,"column":9}},"type":"binary-expr","locations":[{"start":{"line":42,"column":9},"end":{"line":42,"column":23}},{"start":{"line":42,"column":27},"end":{"line":42,"column":38}},{"start":{"line":43,"column":10},"end":{"line":43,"column":90}}],"line":42},"1":{"loc":{"start":{"line":51,"column":11},"end":{"line":57,"column":11}},"type":"binary-expr","locations":[{"start":{"line":51,"column":11},"end":{"line":51,"column":20}},{"start":{"line":53,"column":12},"end":{"line":55,"column":18}}],"line":51},"2":{"loc":{"start":{"line":58,"column":11},"end":{"line":63,"column":12}},"type":"binary-expr","locations":[{"start":{"line":58,"column":11},"end":{"line":58,"column":21}},{"start":{"line":58,"column":25},"end":{"line":58,"column":36}},{"start":{"line":58,"column":40},"end":{"line":63,"column":12}}],"line":58}},"s":{"0":2,"1":4,"2":4,"3":4,"4":4,"5":2,"6":4,"7":0},"f":{"0":4,"1":2,"2":0},"b":{"0":[4,4,0],"1":[4,2],"2":[4,2,0]},"_coverageSchema":"1a1c01bbd47fc00a2c39e90264f33305004495a9","hash":"97e0ea66701a7feb84da63246e5320bdd1544611"}
,"/Users/jorge/Desarrollo/mobile-device/src/reducers/cart.js": {"path":"/Users/jorge/Desarrollo/mobile-device/src/reducers/cart.js","statementMap":{"0":{"start":{"line":6,"column":2},"end":{"line":27,"column":3}},"1":{"start":{"line":9,"column":6},"end":{"line":12,"column":8}},"2":{"start":{"line":15,"column":6},"end":{"line":18,"column":8}},"3":{"start":{"line":21,"column":6},"end":{"line":23,"column":8}},"4":{"start":{"line":26,"column":6},"end":{"line":26,"column":19}}},"fnMap":{"0":{"name":"(anonymous_0)","decl":{"start":{"line":4,"column":15},"end":{"line":4,"column":16}},"loc":{"start":{"line":4,"column":44},"end":{"line":28,"column":1}},"line":4}},"branchMap":{"0":{"loc":{"start":{"line":4,"column":16},"end":{"line":4,"column":26}},"type":"default-arg","locations":[{"start":{"line":4,"column":24},"end":{"line":4,"column":26}}],"line":4},"1":{"loc":{"start":{"line":4,"column":28},"end":{"line":4,"column":39}},"type":"default-arg","locations":[{"start":{"line":4,"column":37},"end":{"line":4,"column":39}}],"line":4},"2":{"loc":{"start":{"line":6,"column":2},"end":{"line":27,"column":3}},"type":"switch","locations":[{"start":{"line":8,"column":4},"end":{"line":12,"column":8}},{"start":{"line":14,"column":4},"end":{"line":18,"column":8}},{"start":{"line":20,"column":6},"end":{"line":23,"column":8}},{"start":{"line":25,"column":4},"end":{"line":26,"column":19}}],"line":6}},"s":{"0":61,"1":1,"2":1,"3":1,"4":58},"f":{"0":61},"b":{"0":[42],"1":[1],"2":[1,1,1,58]},"_coverageSchema":"1a1c01bbd47fc00a2c39e90264f33305004495a9","hash":"0e00b481ce6b669678f1ff58adc84fe04c763d09"}
,"/Users/jorge/Desarrollo/mobile-device/src/reducers/products.js": {"path":"/Users/jorge/Desarrollo/mobile-device/src/reducers/products.js","statementMap":{"0":{"start":{"line":6,"column":2},"end":{"line":16,"column":3}},"1":{"start":{"line":9,"column":6},"end":{"line":9,"column":24}},"2":{"start":{"line":12,"column":6},"end":{"line":12,"column":33}},"3":{"start":{"line":15,"column":6},"end":{"line":15,"column":19}}},"fnMap":{"0":{"name":"(anonymous_0)","decl":{"start":{"line":4,"column":15},"end":{"line":4,"column":16}},"loc":{"start":{"line":4,"column":44},"end":{"line":17,"column":1}},"line":4}},"branchMap":{"0":{"loc":{"start":{"line":4,"column":16},"end":{"line":4,"column":26}},"type":"default-arg","locations":[{"start":{"line":4,"column":24},"end":{"line":4,"column":26}}],"line":4},"1":{"loc":{"start":{"line":4,"column":28},"end":{"line":4,"column":39}},"type":"default-arg","locations":[{"start":{"line":4,"column":37},"end":{"line":4,"column":39}}],"line":4},"2":{"loc":{"start":{"line":6,"column":2},"end":{"line":16,"column":3}},"type":"switch","locations":[{"start":{"line":8,"column":4},"end":{"line":9,"column":24}},{"start":{"line":11,"column":4},"end":{"line":12,"column":33}},{"start":{"line":14,"column":4},"end":{"line":15,"column":19}}],"line":6}},"s":{"0":60,"1":1,"2":0,"3":59},"f":{"0":60},"b":{"0":[42],"1":[3],"2":[1,0,59]},"_coverageSchema":"1a1c01bbd47fc00a2c39e90264f33305004495a9","hash":"412b8e93ab595e7699f1ab7b493b99d7b78be33f"}
,"/Users/jorge/Desarrollo/mobile-device/src/reducers/search.js": {"path":"/Users/jorge/Desarrollo/mobile-device/src/reducers/search.js","statementMap":{"0":{"start":{"line":6,"column":2},"end":{"line":23,"column":3}},"1":{"start":{"line":9,"column":6},"end":{"line":12,"column":8}},"2":{"start":{"line":15,"column":6},"end":{"line":18,"column":8}},"3":{"start":{"line":22,"column":6},"end":{"line":22,"column":19}}},"fnMap":{"0":{"name":"(anonymous_0)","decl":{"start":{"line":4,"column":15},"end":{"line":4,"column":16}},"loc":{"start":{"line":4,"column":44},"end":{"line":24,"column":1}},"line":4}},"branchMap":{"0":{"loc":{"start":{"line":4,"column":16},"end":{"line":4,"column":26}},"type":"default-arg","locations":[{"start":{"line":4,"column":24},"end":{"line":4,"column":26}}],"line":4},"1":{"loc":{"start":{"line":4,"column":28},"end":{"line":4,"column":39}},"type":"default-arg","locations":[{"start":{"line":4,"column":37},"end":{"line":4,"column":39}}],"line":4},"2":{"loc":{"start":{"line":6,"column":2},"end":{"line":23,"column":3}},"type":"switch","locations":[{"start":{"line":8,"column":4},"end":{"line":12,"column":8}},{"start":{"line":14,"column":4},"end":{"line":18,"column":8}},{"start":{"line":21,"column":4},"end":{"line":22,"column":19}}],"line":6}},"s":{"0":60,"1":1,"2":1,"3":58},"f":{"0":60},"b":{"0":[42],"1":[1],"2":[1,1,58]},"_coverageSchema":"1a1c01bbd47fc00a2c39e90264f33305004495a9","hash":"5b4b24155e13197bafd1c00a11ef365b005cfd8e"}
,"/Users/jorge/Desarrollo/mobile-device/src/reducers/selected-product.js": {"path":"/Users/jorge/Desarrollo/mobile-device/src/reducers/selected-product.js","statementMap":{"0":{"start":{"line":6,"column":2},"end":{"line":28,"column":3}},"1":{"start":{"line":9,"column":6},"end":{"line":12,"column":8}},"2":{"start":{"line":15,"column":6},"end":{"line":18,"column":8}},"3":{"start":{"line":21,"column":6},"end":{"line":24,"column":8}},"4":{"start":{"line":27,"column":6},"end":{"line":27,"column":19}}},"fnMap":{"0":{"name":"(anonymous_0)","decl":{"start":{"line":4,"column":15},"end":{"line":4,"column":16}},"loc":{"start":{"line":4,"column":44},"end":{"line":29,"column":1}},"line":4}},"branchMap":{"0":{"loc":{"start":{"line":4,"column":16},"end":{"line":4,"column":26}},"type":"default-arg","locations":[{"start":{"line":4,"column":24},"end":{"line":4,"column":26}}],"line":4},"1":{"loc":{"start":{"line":4,"column":28},"end":{"line":4,"column":39}},"type":"default-arg","locations":[{"start":{"line":4,"column":37},"end":{"line":4,"column":39}}],"line":4},"2":{"loc":{"start":{"line":6,"column":2},"end":{"line":28,"column":3}},"type":"switch","locations":[{"start":{"line":8,"column":4},"end":{"line":12,"column":8}},{"start":{"line":14,"column":4},"end":{"line":18,"column":8}},{"start":{"line":20,"column":4},"end":{"line":24,"column":8}},{"start":{"line":26,"column":4},"end":{"line":27,"column":19}}],"line":6}},"s":{"0":61,"1":1,"2":1,"3":1,"4":58},"f":{"0":61},"b":{"0":[42],"1":[1],"2":[1,1,1,58]},"_coverageSchema":"1a1c01bbd47fc00a2c39e90264f33305004495a9","hash":"217bb4ed4242cd23d2c6ae6c8b531c880cfeb536"}
,"/Users/jorge/Desarrollo/mobile-device/src/sagas/cart.saga.js": {"path":"/Users/jorge/Desarrollo/mobile-device/src/sagas/cart.saga.js","statementMap":{"0":{"start":{"line":15,"column":2},"end":{"line":24,"column":3}},"1":{"start":{"line":17,"column":22},"end":{"line":17,"column":53}},"2":{"start":{"line":18,"column":21},"end":{"line":18,"column":54}},"3":{"start":{"line":20,"column":4},"end":{"line":20,"column":64}},"4":{"start":{"line":23,"column":4},"end":{"line":23,"column":39}},"5":{"start":{"line":29,"column":2},"end":{"line":29,"column":45}}},"fnMap":{"0":{"name":"addToCart","decl":{"start":{"line":14,"column":17},"end":{"line":14,"column":26}},"loc":{"start":{"line":14,"column":29},"end":{"line":25,"column":1}},"line":14},"1":{"name":"watchAddToCart","decl":{"start":{"line":28,"column":17},"end":{"line":28,"column":31}},"loc":{"start":{"line":28,"column":34},"end":{"line":30,"column":1}},"line":28}},"branchMap":{},"s":{"0":2,"1":2,"2":1,"3":1,"4":1,"5":17},"f":{"0":2,"1":17},"b":{},"_coverageSchema":"1a1c01bbd47fc00a2c39e90264f33305004495a9","hash":"12ec51df347d1a4380511ddb1c2ef9ad1796b72d"}
,"/Users/jorge/Desarrollo/mobile-device/src/sagas/index.saga.js": {"path":"/Users/jorge/Desarrollo/mobile-device/src/sagas/index.saga.js","statementMap":{"0":{"start":{"line":9,"column":2},"end":{"line":19,"column":3}},"1":{"start":{"line":10,"column":4},"end":{"line":15,"column":7}},"2":{"start":{"line":18,"column":4},"end":{"line":18,"column":43}}},"fnMap":{"0":{"name":"rootSaga","decl":{"start":{"line":8,"column":25},"end":{"line":8,"column":33}},"loc":{"start":{"line":8,"column":36},"end":{"line":20,"column":1}},"line":8}},"branchMap":{},"s":{"0":16,"1":16,"2":1},"f":{"0":16},"b":{},"_coverageSchema":"1a1c01bbd47fc00a2c39e90264f33305004495a9","hash":"ef8f567926e37dc1eb3ba3c0089948a5394ce80f"}
,"/Users/jorge/Desarrollo/mobile-device/src/sagas/product.saga.js": {"path":"/Users/jorge/Desarrollo/mobile-device/src/sagas/product.saga.js","statementMap":{"0":{"start":{"line":16,"column":2},"end":{"line":26,"column":3}},"1":{"start":{"line":17,"column":21},"end":{"line":17,"column":47}},"2":{"start":{"line":18,"column":4},"end":{"line":18,"column":73}},"3":{"start":{"line":19,"column":4},"end":{"line":19,"column":72}},"4":{"start":{"line":20,"column":4},"end":{"line":20,"column":60}},"5":{"start":{"line":25,"column":4},"end":{"line":25,"column":49}},"6":{"start":{"line":31,"column":2},"end":{"line":38,"column":3}},"7":{"start":{"line":33,"column":21},"end":{"line":33,"column":60}},"8":{"start":{"line":34,"column":4},"end":{"line":34,"column":81}},"9":{"start":{"line":37,"column":4},"end":{"line":37,"column":49}},"10":{"start":{"line":44,"column":2},"end":{"line":44,"column":52}},"11":{"start":{"line":48,"column":2},"end":{"line":48,"column":63}}},"fnMap":{"0":{"name":"getAllProducts","decl":{"start":{"line":15,"column":17},"end":{"line":15,"column":31}},"loc":{"start":{"line":15,"column":34},"end":{"line":27,"column":1}},"line":15},"1":{"name":"getSelectProductDetail","decl":{"start":{"line":30,"column":17},"end":{"line":30,"column":39}},"loc":{"start":{"line":30,"column":51},"end":{"line":39,"column":1}},"line":30},"2":{"name":"watchLoadProducts","decl":{"start":{"line":43,"column":17},"end":{"line":43,"column":34}},"loc":{"start":{"line":43,"column":37},"end":{"line":45,"column":1}},"line":43},"3":{"name":"watchSelectProductDetail","decl":{"start":{"line":47,"column":17},"end":{"line":47,"column":41}},"loc":{"start":{"line":47,"column":44},"end":{"line":49,"column":1}},"line":47}},"branchMap":{},"s":{"0":2,"1":2,"2":1,"3":1,"4":1,"5":0,"6":1,"7":1,"8":1,"9":0,"10":17,"11":17},"f":{"0":2,"1":1,"2":17,"3":17},"b":{},"_coverageSchema":"1a1c01bbd47fc00a2c39e90264f33305004495a9","hash":"cce42ee8f9e0371248d9038c373cd8ab11404a99"}
,"/Users/jorge/Desarrollo/mobile-device/src/sagas/search.saga.js": {"path":"/Users/jorge/Desarrollo/mobile-device/src/sagas/search.saga.js","statementMap":{"0":{"start":{"line":12,"column":2},"end":{"line":21,"column":3}},"1":{"start":{"line":14,"column":24},"end":{"line":14,"column":53}},"2":{"start":{"line":15,"column":32},"end":{"line":15,"column":189}},"3":{"start":{"line":15,"column":60},"end":{"line":15,"column":188}},"4":{"start":{"line":16,"column":4},"end":{"line":16,"column":79}},"5":{"start":{"line":17,"column":4},"end":{"line":17,"column":68}},"6":{"start":{"line":20,"column":4},"end":{"line":20,"column":41}},"7":{"start":{"line":27,"column":2},"end":{"line":27,"column":48}}},"fnMap":{"0":{"name":"searchProducts","decl":{"start":{"line":11,"column":17},"end":{"line":11,"column":31}},"loc":{"start":{"line":11,"column":38},"end":{"line":22,"column":1}},"line":11},"1":{"name":"(anonymous_1)","decl":{"start":{"line":15,"column":51},"end":{"line":15,"column":52}},"loc":{"start":{"line":15,"column":60},"end":{"line":15,"column":188}},"line":15},"2":{"name":"watchSearch","decl":{"start":{"line":26,"column":17},"end":{"line":26,"column":28}},"loc":{"start":{"line":26,"column":31},"end":{"line":28,"column":1}},"line":26}},"branchMap":{"0":{"loc":{"start":{"line":15,"column":60},"end":{"line":15,"column":188}},"type":"binary-expr","locations":[{"start":{"line":15,"column":60},"end":{"line":15,"column":122}},{"start":{"line":15,"column":126},"end":{"line":15,"column":188}}],"line":15}},"s":{"0":1,"1":1,"2":0,"3":0,"4":0,"5":0,"6":0,"7":17},"f":{"0":1,"1":0,"2":17},"b":{"0":[0,0]},"_coverageSchema":"1a1c01bbd47fc00a2c39e90264f33305004495a9","hash":"48922fdea7e0110c37d834ad6e72f8197f3e3820"}
,"/Users/jorge/Desarrollo/mobile-device/src/service/api.js": {"path":"/Users/jorge/Desarrollo/mobile-device/src/service/api.js","statementMap":{"0":{"start":{"line":5,"column":26},"end":{"line":11,"column":1}},"1":{"start":{"line":6,"column":18},"end":{"line":8,"column":3}},"2":{"start":{"line":10,"column":2},"end":{"line":10,"column":21}},"3":{"start":{"line":13,"column":27},"end":{"line":14,"column":35}},"4":{"start":{"line":14,"column":2},"end":{"line":14,"column":35}},"5":{"start":{"line":16,"column":26},"end":{"line":17,"column":28}},"6":{"start":{"line":17,"column":2},"end":{"line":17,"column":28}}},"fnMap":{"0":{"name":"(anonymous_0)","decl":{"start":{"line":5,"column":26},"end":{"line":5,"column":27}},"loc":{"start":{"line":5,"column":64},"end":{"line":11,"column":1}},"line":5},"1":{"name":"(anonymous_1)","decl":{"start":{"line":13,"column":27},"end":{"line":13,"column":28}},"loc":{"start":{"line":14,"column":2},"end":{"line":14,"column":35}},"line":14},"2":{"name":"(anonymous_2)","decl":{"start":{"line":16,"column":26},"end":{"line":16,"column":27}},"loc":{"start":{"line":17,"column":2},"end":{"line":17,"column":28}},"line":17}},"branchMap":{"0":{"loc":{"start":{"line":5,"column":27},"end":{"line":5,"column":59}},"type":"default-arg","locations":[{"start":{"line":5,"column":41},"end":{"line":5,"column":59}}],"line":5}},"s":{"0":9,"1":0,"2":0,"3":9,"4":0,"5":9,"6":1},"f":{"0":0,"1":0,"2":1},"b":{"0":[0]},"_coverageSchema":"1a1c01bbd47fc00a2c39e90264f33305004495a9","hash":"2587c1459a453bb69f5a0c9d4482ca1f06d6b190"}
,"/Users/jorge/Desarrollo/mobile-device/src/service/methods.js": {"path":"/Users/jorge/Desarrollo/mobile-device/src/service/methods.js","statementMap":{"0":{"start":{"line":5,"column":23},"end":{"line":22,"column":1}},"1":{"start":{"line":12,"column":2},"end":{"line":21,"column":3}},"2":{"start":{"line":14,"column":6},"end":{"line":14,"column":36}},"3":{"start":{"line":17,"column":6},"end":{"line":17,"column":29}},"4":{"start":{"line":20,"column":6},"end":{"line":20,"column":69}}},"fnMap":{"0":{"name":"(anonymous_0)","decl":{"start":{"line":5,"column":23},"end":{"line":5,"column":24}},"loc":{"start":{"line":9,"column":6},"end":{"line":22,"column":1}},"line":9}},"branchMap":{"0":{"loc":{"start":{"line":8,"column":2},"end":{"line":8,"column":20}},"type":"default-arg","locations":[{"start":{"line":8,"column":11},"end":{"line":8,"column":20}}],"line":8},"1":{"loc":{"start":{"line":12,"column":2},"end":{"line":21,"column":3}},"type":"switch","locations":[{"start":{"line":13,"column":4},"end":{"line":14,"column":36}},{"start":{"line":16,"column":4},"end":{"line":17,"column":29}},{"start":{"line":19,"column":4},"end":{"line":20,"column":69}}],"line":12}},"s":{"0":9,"1":1,"2":0,"3":1,"4":0},"f":{"0":1},"b":{"0":[0],"1":[0,1,0]},"_coverageSchema":"1a1c01bbd47fc00a2c39e90264f33305004495a9","hash":"06a6bb4f794ffb6938b584fd7819f4fb130360e6"}
,"/Users/jorge/Desarrollo/mobile-device/src/store/selectors.js": {"path":"/Users/jorge/Desarrollo/mobile-device/src/store/selectors.js","statementMap":{"0":{"start":{"line":1,"column":31},"end":{"line":1,"column":54}},"1":{"start":{"line":1,"column":40},"end":{"line":1,"column":54}},"2":{"start":{"line":2,"column":30},"end":{"line":2,"column":63}},"3":{"start":{"line":2,"column":39},"end":{"line":2,"column":63}},"4":{"start":{"line":3,"column":34},"end":{"line":3,"column":67}},"5":{"start":{"line":3,"column":43},"end":{"line":3,"column":67}},"6":{"start":{"line":4,"column":31},"end":{"line":4,"column":66}},"7":{"start":{"line":4,"column":40},"end":{"line":4,"column":66}},"8":{"start":{"line":5,"column":33},"end":{"line":5,"column":57}},"9":{"start":{"line":5,"column":42},"end":{"line":5,"column":57}},"10":{"start":{"line":6,"column":36},"end":{"line":6,"column":65}},"11":{"start":{"line":6,"column":45},"end":{"line":6,"column":65}}},"fnMap":{"0":{"name":"(anonymous_0)","decl":{"start":{"line":1,"column":31},"end":{"line":1,"column":32}},"loc":{"start":{"line":1,"column":40},"end":{"line":1,"column":54}},"line":1},"1":{"name":"(anonymous_1)","decl":{"start":{"line":2,"column":30},"end":{"line":2,"column":31}},"loc":{"start":{"line":2,"column":39},"end":{"line":2,"column":63}},"line":2},"2":{"name":"(anonymous_2)","decl":{"start":{"line":3,"column":34},"end":{"line":3,"column":35}},"loc":{"start":{"line":3,"column":43},"end":{"line":3,"column":67}},"line":3},"3":{"name":"(anonymous_3)","decl":{"start":{"line":4,"column":31},"end":{"line":4,"column":32}},"loc":{"start":{"line":4,"column":40},"end":{"line":4,"column":66}},"line":4},"4":{"name":"(anonymous_4)","decl":{"start":{"line":5,"column":33},"end":{"line":5,"column":34}},"loc":{"start":{"line":5,"column":42},"end":{"line":5,"column":57}},"line":5},"5":{"name":"(anonymous_5)","decl":{"start":{"line":6,"column":36},"end":{"line":6,"column":37}},"loc":{"start":{"line":6,"column":45},"end":{"line":6,"column":65}},"line":6}},"branchMap":{},"s":{"0":10,"1":5,"2":10,"3":6,"4":10,"5":4,"6":10,"7":3,"8":10,"9":0,"10":10,"11":3},"f":{"0":5,"1":6,"2":4,"3":3,"4":0,"5":3},"b":{},"_coverageSchema":"1a1c01bbd47fc00a2c39e90264f33305004495a9","hash":"c35e98890c7b2a651493abcfc5b095821fa34959"}
}
