{"/Users/koko/Desarrollo/indi/mobile-device/src/App.jsx": {"path":"/Users/koko/Desarrollo/indi/mobile-device/src/App.jsx","statementMap":{"0":{"start":{"line":31,"column":36},"end":{"line":31,"column":51}},"1":{"start":{"line":32,"column":19},"end":{"line":32,"column":32}},"2":{"start":{"line":33,"column":18},"end":{"line":33,"column":30}},"3":{"start":{"line":35,"column":24},"end":{"line":37,"column":3}},"4":{"start":{"line":36,"column":4},"end":{"line":36,"column":41}},"5":{"start":{"line":39,"column":27},"end":{"line":47,"column":3}},"6":{"start":{"line":40,"column":4},"end":{"line":40,"column":71}},"7":{"start":{"line":41,"column":4},"end":{"line":41,"column":19}},"8":{"start":{"line":42,"column":4},"end":{"line":42,"column":29}},"9":{"start":{"line":43,"column":4},"end":{"line":43,"column":23}},"10":{"start":{"line":44,"column":4},"end":{"line":44,"column":38}},"11":{"start":{"line":50,"column":26},"end":{"line":50,"column":75}},"12":{"start":{"line":51,"column":26},"end":{"line":51,"column":59}},"13":{"start":{"line":54,"column":2},"end":{"line":72,"column":23}},"14":{"start":{"line":56,"column":4},"end":{"line":70,"column":5}},"15":{"start":{"line":58,"column":6},"end":{"line":58,"column":73}},"16":{"start":{"line":59,"column":6},"end":{"line":59,"column":21}},"17":{"start":{"line":63,"column":29},"end":{"line":63,"column":74}},"18":{"start":{"line":64,"column":19},"end":{"line":64,"column":43}},"19":{"start":{"line":65,"column":12},"end":{"line":65,"column":43}},"20":{"start":{"line":67,"column":6},"end":{"line":69,"column":7}},"21":{"start":{"line":68,"column":8},"end":{"line":68,"column":26}},"22":{"start":{"line":74,"column":2},"end":{"line":97,"column":4}}},"fnMap":{"0":{"name":"App","decl":{"start":{"line":29,"column":9},"end":{"line":29,"column":12}},"loc":{"start":{"line":29,"column":15},"end":{"line":98,"column":1}},"line":29},"1":{"name":"(anonymous_1)","decl":{"start":{"line":35,"column":24},"end":{"line":35,"column":25}},"loc":{"start":{"line":35,"column":30},"end":{"line":37,"column":3}},"line":35},"2":{"name":"(anonymous_2)","decl":{"start":{"line":39,"column":27},"end":{"line":39,"column":28}},"loc":{"start":{"line":39,"column":33},"end":{"line":47,"column":3}},"line":39},"3":{"name":"(anonymous_3)","decl":{"start":{"line":54,"column":12},"end":{"line":54,"column":13}},"loc":{"start":{"line":54,"column":18},"end":{"line":72,"column":3}},"line":54}},"branchMap":{"0":{"loc":{"start":{"line":56,"column":4},"end":{"line":70,"column":5}},"type":"if","locations":[{"start":{"line":56,"column":4},"end":{"line":70,"column":5}},{"start":{"line":56,"column":4},"end":{"line":70,"column":5}}],"line":56},"1":{"loc":{"start":{"line":67,"column":6},"end":{"line":69,"column":7}},"type":"if","locations":[{"start":{"line":67,"column":6},"end":{"line":69,"column":7}},{"start":{"line":67,"column":6},"end":{"line":69,"column":7}}],"line":67}},"s":{"0":1,"1":1,"2":1,"3":1,"4":1,"5":1,"6":0,"7":0,"8":0,"9":0,"10":0,"11":1,"12":1,"13":1,"14":1,"15":1,"16":1,"17":0,"18":0,"19":0,"20":0,"21":0,"22":1},"f":{"0":1,"1":1,"2":0,"3":1},"b":{"0":[1,0],"1":[0,0]},"_coverageSchema":"1a1c01bbd47fc00a2c39e90264f33305004495a9","hash":"56d82128f18514c770a1154439c22520f1d14830"}
,"/Users/koko/Desarrollo/indi/mobile-device/src/test/test-utils.js": {"path":"/Users/koko/Desarrollo/indi/mobile-device/src/test/test-utils.js","statementMap":{"0":{"start":{"line":24,"column":26},"end":{"line":28,"column":4}},"1":{"start":{"line":25,"column":2},"end":{"line":28,"column":4}},"2":{"start":{"line":30,"column":0},"end":{"line":30,"column":47}},"3":{"start":{"line":31,"column":23},"end":{"line":31,"column":45}},"4":{"start":{"line":33,"column":32},"end":{"line":47,"column":1}},"5":{"start":{"line":40,"column":2},"end":{"line":46,"column":4}},"6":{"start":{"line":49,"column":39},"end":{"line":67,"column":1}},"7":{"start":{"line":50,"column":18},"end":{"line":50,"column":65}},"8":{"start":{"line":52,"column":16},"end":{"line":56,"column":3}},"9":{"start":{"line":57,"column":2},"end":{"line":57,"column":28}},"10":{"start":{"line":58,"column":2},"end":{"line":66,"column":4}}},"fnMap":{"0":{"name":"(anonymous_0)","decl":{"start":{"line":24,"column":26},"end":{"line":24,"column":27}},"loc":{"start":{"line":25,"column":2},"end":{"line":28,"column":4}},"line":25},"1":{"name":"(anonymous_1)","decl":{"start":{"line":33,"column":32},"end":{"line":33,"column":33}},"loc":{"start":{"line":39,"column":5},"end":{"line":47,"column":1}},"line":39},"2":{"name":"(anonymous_2)","decl":{"start":{"line":49,"column":39},"end":{"line":49,"column":40}},"loc":{"start":{"line":49,"column":78},"end":{"line":67,"column":1}},"line":49}},"branchMap":{"0":{"loc":{"start":{"line":35,"column":2},"end":{"line":38,"column":8}},"type":"default-arg","locations":[{"start":{"line":38,"column":6},"end":{"line":38,"column":8}}],"line":35},"1":{"loc":{"start":{"line":36,"column":4},"end":{"line":36,"column":15}},"type":"default-arg","locations":[{"start":{"line":36,"column":12},"end":{"line":36,"column":15}}],"line":36},"2":{"loc":{"start":{"line":37,"column":4},"end":{"line":37,"column":62}},"type":"default-arg","locations":[{"start":{"line":37,"column":14},"end":{"line":37,"column":62}}],"line":37},"3":{"loc":{"start":{"line":49,"column":44},"end":{"line":49,"column":61}},"type":"default-arg","locations":[{"start":{"line":49,"column":59},"end":{"line":49,"column":61}}],"line":49},"4":{"loc":{"start":{"line":49,"column":63},"end":{"line":49,"column":73}},"type":"default-arg","locations":[{"start":{"line":49,"column":70},"end":{"line":49,"column":73}}],"line":49}},"s":{"0":2,"1":3,"2":2,"3":2,"4":2,"5":0,"6":2,"7":3,"8":3,"9":3,"10":3},"f":{"0":3,"1":0,"2":3},"b":{"0":[0],"1":[0],"2":[0],"3":[2],"4":[3]},"_coverageSchema":"1a1c01bbd47fc00a2c39e90264f33305004495a9","hash":"26d7c94e5815863cd89e670d51965cc41dbd824f"}
}
