TN:
SF:src/App.jsx
FN:29,App
FN:35,(anonymous_1)
FN:39,(anonymous_2)
FN:54,(anonymous_3)
FNF:4
FNH:3
FNDA:1,App
FNDA:1,(anonymous_1)
FNDA:0,(anonymous_2)
FNDA:1,(anonymous_3)
DA:31,1
DA:32,1
DA:33,1
DA:35,1
DA:36,1
DA:39,1
DA:40,0
DA:41,0
DA:42,0
DA:43,0
DA:44,0
DA:50,1
DA:51,1
DA:54,1
DA:56,1
DA:58,1
DA:59,1
DA:63,0
DA:64,0
DA:65,0
DA:67,0
DA:68,0
DA:74,1
LF:23
LH:13
BRDA:56,0,0,1
BRDA:56,0,1,0
BRDA:67,1,0,0
BRDA:67,1,1,0
BRF:4
BRH:1
end_of_record
TN:
SF:src/test/test-utils.js
FN:24,(anonymous_0)
FN:33,(anonymous_1)
FN:49,(anonymous_2)
FNF:3
FNH:2
FNDA:3,(anonymous_0)
FNDA:0,(anonymous_1)
FNDA:3,(anonymous_2)
DA:24,2
DA:25,3
DA:30,2
DA:31,2
DA:33,2
DA:40,0
DA:49,2
DA:50,3
DA:52,3
DA:57,3
DA:58,3
LF:11
LH:10
BRDA:35,0,0,0
BRDA:36,1,0,0
BRDA:37,2,0,0
BRDA:49,3,0,2
BRDA:49,4,0,3
BRF:5
BRH:2
end_of_record
