TN:
SF:src/App.jsx
FN:29,App
FN:35,(anonymous_1)
FN:39,(anonymous_2)
FN:54,(anonymous_3)
FNF:4
FNH:3
FNDA:1,App
FNDA:1,(anonymous_1)
FNDA:0,(anonymous_2)
FNDA:1,(anonymous_3)
DA:31,1
DA:32,1
DA:33,1
DA:35,1
DA:36,1
DA:39,1
DA:40,0
DA:41,0
DA:42,0
DA:43,0
DA:44,0
DA:50,1
DA:51,1
DA:54,1
DA:56,1
DA:58,1
DA:59,1
DA:63,0
DA:64,0
DA:65,0
DA:67,0
DA:68,0
DA:74,1
LF:23
LH:13
BRDA:56,0,0,1
BRDA:56,0,1,0
BRDA:67,1,0,0
BRDA:67,1,1,0
BRF:4
BRH:1
end_of_record
TN:
SF:src/action-types/index.js
FNF:0
FNH:0
DA:2,7
DA:5,7
DA:6,7
DA:9,7
DA:10,7
DA:11,7
DA:14,7
DA:15,7
DA:16,7
DA:17,7
DA:22,7
DA:23,7
DA:24,7
LF:13
LH:13
BRF:0
BRH:0
end_of_record
TN:
SF:src/components/card/card.jsx
FN:24,(anonymous_0)
FN:30,(anonymous_1)
FN:37,(anonymous_2)
FN:43,(anonymous_3)
FNF:4
FNH:4
FNDA:3,(anonymous_0)
FNDA:1,(anonymous_1)
FNDA:3,(anonymous_2)
FNDA:1,(anonymous_3)
DA:26,3
DA:28,3
DA:30,3
DA:31,1
DA:32,1
DA:33,1
DA:37,3
DA:38,3
DA:41,3
DA:43,1
LF:10
LH:10
BRDA:38,0,0,2
BRDA:38,0,1,1
BRF:2
BRH:2
end_of_record
TN:
SF:src/components/select/select.jsx
FN:10,(anonymous_0)
FN:26,(anonymous_1)
FNF:2
FNH:2
FNDA:15,(anonymous_0)
FNDA:16,(anonymous_1)
DA:12,15
DA:14,15
DA:27,16
LF:3
LH:3
BRDA:10,0,0,0
BRDA:10,1,0,0
BRDA:19,2,0,13
BRDA:19,2,1,2
BRDA:22,3,0,15
BRDA:22,3,1,15
BRDA:22,3,2,1
BRDA:26,4,0,15
BRDA:26,4,1,15
BRF:9
BRH:7
end_of_record
TN:
SF:src/containers/detail/detail.container.jsx
FN:33,(anonymous_0)
FN:43,(anonymous_1)
FN:46,(anonymous_2)
FN:59,(anonymous_3)
FN:77,(anonymous_4)
FN:102,(anonymous_5)
FN:111,(anonymous_6)
FN:122,(anonymous_7)
FN:139,(anonymous_8)
FN:187,(anonymous_9)
FNF:10
FNH:9
FNDA:7,(anonymous_0)
FNDA:11,(anonymous_1)
FNDA:33,(anonymous_2)
FNDA:0,(anonymous_3)
FNDA:4,(anonymous_4)
FNDA:11,(anonymous_5)
FNDA:4,(anonymous_6)
FNDA:4,(anonymous_7)
FNDA:1,(anonymous_8)
FNDA:12,(anonymous_9)
DA:23,2
DA:30,2
DA:33,2
DA:35,7
DA:37,7
DA:38,7
DA:43,7
DA:45,11
DA:46,11
DA:47,33
DA:48,12
DA:52,11
DA:59,7
DA:63,0
DA:66,0
DA:69,0
DA:77,7
DA:79,4
DA:82,4
DA:83,8
DA:85,8
DA:86,7
DA:87,7
DA:102,7
DA:104,11
DA:105,11
DA:111,7
DA:114,4
DA:122,7
DA:124,4
DA:125,4
DA:139,7
DA:140,1
DA:144,7
DA:188,12
LF:35
LH:32
BRDA:47,0,0,12
BRDA:47,0,1,21
BRDA:52,1,0,8
BRDA:52,1,1,3
BRDA:63,2,0,0
BRDA:63,2,1,0
BRDA:66,3,0,0
BRDA:66,3,1,0
BRDA:83,4,0,8
BRDA:83,4,1,0
BRDA:85,5,0,7
BRDA:85,5,1,1
BRDA:86,6,0,4
BRDA:86,6,1,3
BRDA:124,7,0,4
BRDA:124,7,1,0
BRDA:149,8,0,7
BRDA:149,8,1,7
BRDA:187,9,0,7
BRDA:187,9,1,6
BRDA:205,10,0,7
BRDA:205,10,1,6
BRDA:217,11,0,7
BRDA:217,11,1,1
BRF:24
BRH:18
end_of_record
TN:
SF:src/containers/home/home.container.jsx
FN:25,(anonymous_0)
FN:32,(anonymous_1)
FN:58,(anonymous_2)
FNF:3
FNH:2
FNDA:4,(anonymous_0)
FNDA:2,(anonymous_1)
FNDA:0,(anonymous_2)
DA:25,2
DA:27,4
DA:28,4
DA:30,4
DA:32,4
DA:33,2
DA:37,4
DA:59,0
LF:8
LH:7
BRDA:42,0,0,4
BRDA:42,0,1,4
BRDA:42,0,2,0
BRDA:51,1,0,4
BRDA:51,1,1,2
BRDA:58,2,0,4
BRDA:58,2,1,2
BRDA:58,2,2,0
BRF:8
BRH:6
end_of_record
TN:
SF:src/sagas/cart.saga.js
FN:14,addToCart
FN:31,watchAddToCart
FNF:2
FNH:1
FNDA:0,addToCart
FNDA:16,watchAddToCart
DA:15,0
DA:17,0
DA:18,0
DA:20,0
DA:26,0
DA:32,16
LF:6
LH:1
BRF:0
BRH:0
end_of_record
TN:
SF:src/sagas/index.saga.js
FN:8,rootSaga
FNF:1
FNH:1
FNDA:15,rootSaga
DA:9,15
DA:10,15
DA:18,0
LF:3
LH:2
BRF:0
BRH:0
end_of_record
TN:
SF:src/sagas/product.saga.js
FN:15,getAllProducts
FN:30,getSelectProductDetail
FN:43,watchLoadProducts
FN:47,watchSelectProductDetail
FNF:4
FNH:3
FNDA:1,getAllProducts
FNDA:0,getSelectProductDetail
FNDA:16,watchLoadProducts
FNDA:16,watchSelectProductDetail
DA:16,1
DA:17,1
DA:18,0
DA:19,0
DA:20,0
DA:25,0
DA:31,0
DA:33,0
DA:34,0
DA:37,0
DA:44,16
DA:48,16
LF:12
LH:4
BRF:0
BRH:0
end_of_record
TN:
SF:src/sagas/search.saga.js
FN:11,searchProducts
FN:15,(anonymous_1)
FN:26,watchSearch
FNF:3
FNH:1
FNDA:0,searchProducts
FNDA:0,(anonymous_1)
FNDA:16,watchSearch
DA:12,0
DA:14,0
DA:15,0
DA:16,0
DA:17,0
DA:20,0
DA:27,16
LF:7
LH:1
BRDA:15,0,0,0
BRDA:15,0,1,0
BRF:2
BRH:0
end_of_record
TN:
SF:src/test/test-utils.js
FN:23,(anonymous_0)
FN:32,(anonymous_1)
FNF:2
FNH:2
FNDA:14,(anonymous_0)
FNDA:14,(anonymous_1)
DA:23,6
DA:24,14
DA:29,6
DA:30,6
DA:32,6
DA:33,14
DA:35,14
DA:40,14
DA:41,14
LF:9
LH:9
BRDA:32,0,0,12
BRDA:32,1,0,14
BRF:2
BRH:2
end_of_record
